<html>
<head>
<title>TestNG:  Default test</title>
<link href="../testng.css" rel="stylesheet" type="text/css" />
<link href="../my-testng.css" rel="stylesheet" type="text/css" />

<style type="text/css">
.log { display: none;} 
.stack-trace { display: none;} 
</style>
<script type="text/javascript">
<!--
function flip(e) {
  current = e.style.display;
  if (current == 'block') {
    e.style.display = 'none';
    return 0;
  }
  else {
    e.style.display = 'block';
    return 1;
  }
}

function toggleBox(szDivId, elem, msg1, msg2)
{
  var res = -1;  if (document.getElementById) {
    res = flip(document.getElementById(szDivId));
  }
  else if (document.all) {
    // this is the way old msie versions work
    res = flip(document.all[szDivId]);
  }
  if(elem) {
    if(res == 0) elem.innerHTML = msg1; else elem.innerHTML = msg2;
  }

}

function toggleAllBoxes() {
  if (document.getElementsByTagName) {
    d = document.getElementsByTagName('div');
    for (i = 0; i < d.length; i++) {
      if (d[i].className == 'log') {
        flip(d[i]);
      }
    }
  }
}

// -->
</script>

</head>
<body>
<h2 align='center'>Default test</h2><table border='1' align="center">
<tr>
<td>Tests passed/Failed/Skipped:</td><td>0/1/0</td>
</tr><tr>
<td>Started on:</td><td>Sat May 12 23:17:18 IST 2018</td>
</tr>
<tr><td>Total time:</td><td>64 seconds (64125 ms)</td>
</tr><tr>
<td>Included groups:</td><td></td>
</tr><tr>
<td>Excluded groups:</td><td></td>
</tr>
</table><p/>
<small><i>(Hover the method name to see the test class name)</i></small><p/>
<table width='100%' border='1' class='invocation-failed'>
<tr><td colspan='4' align='center'><b>FAILED TESTS</b></td></tr>
<tr><td><b>Test method</b></td>
<td width="30%"><b>Exception</b></td>
<td width="10%"><b>Time (seconds)</b></td>
<td><b>Instance</b></td>
</tr>
<tr>
<td title='page_factory.testcases.VerifyAJSLogin_PageFactory.checkValidUser()'><b>checkValidUser</b><br>Test class: page_factory.testcases.VerifyAJSLogin_PageFactory</td>
<td><div><pre>org.openqa.selenium.WebDriverException: Failed to connect to binary FirefoxBinary(C:\Program Files (x86)\Mozilla Firefox\firefox.exe) on port 7055; process output follows: 
 app-system-defaults
1526147260171	addons.xpi	DEBUG	Existing add-on firefox@getpocket.com in app-system-defaults
1526147260171	addons.xpi	DEBUG	Existing add-on followonsearch@mozilla.com in app-system-defaults
1526147260171	addons.xpi	DEBUG	Existing add-on formautofill@mozilla.org in app-system-defaults
1526147260172	addons.xpi	DEBUG	Existing add-on onboarding@mozilla.org in app-system-defaults
1526147260172	addons.xpi	DEBUG	Existing add-on screenshots@mozilla.org in app-system-defaults
1526147260173	addons.xpi	DEBUG	Existing add-on shield-recipe-client@mozilla.org in app-system-defaults
1526147260173	addons.xpi	DEBUG	Existing add-on webcompat@mozilla.org in app-system-defaults
1526147260174	addons.xpi	INFO	Mapping {972ce4c6-7e08-4474-a285-3208198ce6fd} to C:\Program Files (x86)\Mozilla Firefox\browser\extensions\{972ce4c6-7e08-4474-a285-3208198ce6fd}.xpi
1526147260174	addons.xpi	DEBUG	Existing add-on {972ce4c6-7e08-4474-a285-3208198ce6fd} in app-global
1526147260174	addons.xpi	DEBUG	getInstallState changed: false, state: {}
[Child 13436] WARNING: pipe error: 109: file z:/build/build/src/ipc/chromium/src/chrome/common/ipc_channel_win.cc, line 346
1526147261318	addons.productaddons	INFO	Completed downloading document
1526147261906	addons.xpi	DEBUG	Calling bootstrap method shutdown on webcompat@mozilla.org version 1.1
1526147261907	addons.xpi	DEBUG	Calling bootstrap method shutdown on shield-recipe-client@mozilla.org version 65
1526147261908	addons.xpi	DEBUG	Calling bootstrap method shutdown on screenshots@mozilla.org version 10.12.0
1526147261913	addons.xpi	DEBUG	Calling bootstrap method shutdown on onboarding@mozilla.org version 0.1
1526147261917	addons.xpi	DEBUG	Calling bootstrap method shutdown on formautofill@mozilla.org version 1.0
1526147261918	addons.xpi	DEBUG	Calling bootstrap method shutdown on followonsearch@mozilla.com version 0.9.3
1526147261919	addons.xpi	DEBUG	Calling bootstrap method shutdown on firefox@getpocket.com version 1.0.5
1526147261920	addons.xpi	DEBUG	Calling bootstrap method shutdown on e10srollout@mozilla.org version 3.00
1526147261920	addons.xpi	DEBUG	Calling bootstrap method shutdown on clicktoplay-rollout@mozilla.org version 1.4
1526147261922	addons.xpi	DEBUG	Calling bootstrap method shutdown on aushelper@mozilla.org version 2.0
1526147261922	addons.xpi	DEBUG	Calling bootstrap method shutdown on activity-stream@mozilla.org version 0.0.0
1526147262180	addons.productaddons	WARN	Failed downloading via XHR, status: 0, reason: error
1526147262183	addons.productaddons	WARN	Failed downloading via XHR, status: 0, reason: error
1526147262532	addons.manager	DEBUG	shutdown
1526147262532	addons.manager	DEBUG	Calling shutdown blocker for XPIProvider
1526147262533	addons.xpi	DEBUG	shutdown
1526147262533	addons.xpi-utils	DEBUG	shutdown
1526147262533	addons.manager	DEBUG	Calling shutdown blocker for LightweightThemeManager
1526147262533	addons.manager	DEBUG	Calling shutdown blocker for GMPProvider
1526147262534	addons.manager	DEBUG	Calling shutdown blocker for PluginProvider
1526147262535	addons.manager	DEBUG	Calling shutdown blocker for PreviousExperimentProvider
1526147262535	addons.manager	DEBUG	Calling shutdown blocker for &lt;unnamed-provider&gt;
1526147262535	DeferredSave.webext.sc.lz4	DEBUG	Flush called while data is dirty
1526147262551	DeferredSave.webext.sc.lz4	DEBUG	Starting write
1526147262555	addons.manager	DEBUG	Async provider shutdown done
console.error: 
  Message: Error: Connection closed before committing the transaction.
  Stack:
    executeTransaction/promise&lt;/transactionPromise&lt;@resource://gre/modules/Sqlite.jsm:622:19
observe@resource://gre/modules/AsyncShutdown.jsm:534:9

1526147262592	DeferredSave.webext.sc.lz4	DEBUG	Write succeeded
*** UTM:SVC TimerManager:registerTimer called after profile-before-change notification. Ignoring timer registration for id: telemetry_modules_ping
[GPU 1908] WARNING: pipe error: 109: file z:/build/build/src/ipc/chromium/src/chrome
###!!! [Child][MessageChannel::SendAndWait] Error: Channel error: cannot send/recv


Build info: version: &apos;2.53.1&apos;, revision: &apos;a36b8b1cd5757287168e54b817830adce9b0158d&apos;, time: &apos;2016-06-30 19:26:09&apos;
System info: host: &apos;Sanjeev-India&apos;, ip: &apos;192.168.2.4&apos;, os.name: &apos;Windows 10&apos;, os.arch: &apos;amd64&apos;, os.version: &apos;10.0&apos;, java.version: &apos;1.8.0_151&apos;
Driver info: driver.version: FirefoxDriver
	at org.openqa.selenium.firefox.internal.NewProfileExtensionConnection.start(NewProfileExtensionConnection.java:125)
	at org.openqa.selenium.firefox.FirefoxDriver.startClient(FirefoxDriver.java:271)
	at org.openqa.selenium.remote.RemoteWebDriver.&lt;init&gt;(RemoteWebDriver.java:119)
	at org.openqa.selenium.firefox.FirefoxDriver.&lt;init&gt;(FirefoxDriver.java:216)
	at org.openqa.selenium.firefox.FirefoxDriver.&lt;init&gt;(FirefoxDriver.java:211)
	at org.openqa.selenium.firefox.FirefoxDriver.&lt;init&gt;(FirefoxDriver.java:207)
	at org.openqa.selenium.firefox.FirefoxDriver.&lt;init&gt;(FirefoxDriver.java:120)
	at page_factory.healper.BrowserFactory.startBrowser(BrowserFactory.java:27)
	at page_factory.testcases.VerifyAJSLogin_PageFactory.checkValidUser(VerifyAJSLogin_PageFactory.java:22)
	at sun.reflect.NativeMethodAccessorImpl.invoke0(Native Method)
	at sun.reflect.NativeMethodAccessorImpl.invoke(Unknown Source)
	at sun.reflect.DelegatingMethodAccessorImpl.invoke(Unknown Source)
	at java.lang.reflect.Method.invoke(Unknown Source)
	at org.testng.internal.MethodInvocationHelper.invokeMethod(MethodInvocationHelper.java:104)
	at org.testng.internal.Invoker.invokeMethod(Invoker.java:645)
	at org.testng.internal.Invoker.invokeTestMethod(Invoker.java:851)
	at org.testng.internal.Invoker.invokeTestMethods(Invoker.java:1177)
	at org.testng.internal.TestMethodWorker.invokeTestMethods(TestMethodWorker.java:129)
	at org.testng.internal.TestMethodWorker.run(TestMethodWorker.java:112)
	at org.testng.TestRunner.privateRun(TestRunner.java:756)
	at org.testng.TestRunner.run(TestRunner.java:610)
	at org.testng.SuiteRunner.runTest(SuiteRunner.java:387)
	at org.testng.SuiteRunner.runSequentially(SuiteRunner.java:382)
	at org.testng.SuiteRunner.privateRun(SuiteRunner.java:340)
	at org.testng.SuiteRunner.run(SuiteRunner.java:289)
	at org.testng.SuiteRunnerWorker.runSuite(SuiteRunnerWorker.java:52)
	at org.testng.SuiteRunnerWorker.run(SuiteRunnerWorker.java:86)
	at org.testng.TestNG.runSuitesSequentially(TestNG.java:1293)
	at org.testng.TestNG.runSuitesLocally(TestNG.java:1218)
	at org.testng.TestNG.runSuites(TestNG.java:1133)
	at org.testng.TestNG.run(TestNG.java:1104)
	at org.testng.remote.AbstractRemoteTestNG.run(AbstractRemoteTestNG.java:114)
	at org.testng.remote.RemoteTestNG.initAndRun(RemoteTestNG.java:251)
	at org.testng.remote.RemoteTestNG.main(RemoteTestNG.java:77)
Caused by: org.openqa.selenium.firefox.NotConnectedException: Unable to connect to host 127.0.0.1 on port 7055 after 45000 ms. Firefox console output:
 app-system-defaults
1526147260171	addons.xpi	DEBUG	Existing add-on firefox@getpocket.com in app-system-defaults
1526147260171	addons.xpi	DEBUG	Existing add-on followonsearch@mozilla.com in app-system-defaults
1526147260171	addons.xpi	DEBUG	Existing add-on formautofill@mozilla.org in app-system-defaults
1526147260172	addons.xpi	DEBUG	Existing add-on onboarding@mozilla.org in app-system-defaults
1526147260172	addons.xpi	DEBUG	Existing add-on screenshots@mozilla.org in app-system-defaults
1526147260173	addons.xpi	DEBUG	Existing add-on shield-recipe-client@mozilla.org in app-system-defaults
1526147260173	addons.xpi	DEBUG	Existing add-on webcompat@mozilla.org in app-system-defaults
1526147260174	addons.xpi	INFO	Mapping {972ce4c6-7e08-4474-a285-3208198ce6fd} to C:\Program Files (x86)\Mozilla Firefox\browser\extensions\{972ce4c6-7e08-4474-a285-3208198ce6fd}.xpi
1526147260174	addons.xpi	DEBUG	Existing add-on {972ce4c6-7e08-4474-a285-3208198ce6fd} in app-global
1526147260174	addons.xpi	DEBUG	getInstallState changed: false, state: {}
[Child 13436] WARNING: pipe error: 109: file z:/build/build/src/ipc/chromium/src/chrome/common/ipc_channel_win.cc, line 346
1526147261318	addons.productaddons	INFO	Completed downloading document
1526147261906	addons.xpi	DEBUG	Calling bootstrap method shutdown on webcompat@mozilla.org version 1.1
1526147261907	addons.xpi	DEBUG	Calling bootstrap method shutdown on shield-recipe-client@mozilla.org version 65
1526147261908	addons.xpi	DEBUG	Calling bootstrap method shutdown on screenshots@mozilla.org version 10.12.0
1526147261913	addons.xpi	DEBUG	Calling bootstrap method shutdown on onboarding@mozilla.org version 0.1
1526147261917	addons.xpi	DEBUG	Calling bootstrap method shutdown on formautofill@mozilla.org version 1.0
1526147261918	addons.xpi	DEBUG	Calling bootstrap method shutdown on followonsearch@mozilla.com version 0.9.3
1526147261919	addons.xpi	DEBUG	Calling bootstrap method shutdown on firefox@getpocket.com version 1.0.5
1526147261920	addons.xpi	DEBUG	Calling bootstrap method shutdown on e10srollout@mozilla.org version 3.00
1526147261920	addons.xpi	DEBUG	Calling bootstrap method shutdown on clicktoplay-rollout@mozilla.org version 1.4
1526147261922	addons.xpi	DEBUG	Calling bootstrap method shutdown on aushelper@mozilla.org version 2.0
1526147261922	addons.xpi	DEBUG	Calling bootstrap method shutdown on activity-stream@mozilla.org version 0.0.0
1526147262180	addons.productaddons	WARN	Failed downloading via XHR, status: 0, reason: error
1526147262183	addons.productaddons	WARN	Failed downloading via XHR, status: 0, reason: error
1526147262532	addons.manager	DEBUG	shutdown
1526147262532	addons.manager	DEBUG	Calling shutdown blocker for XPIProvider
1526147262533	addons.xpi	DEBUG	shutdown
1526147262533	addons.xpi-utils	DEBUG	shutdown
1526147262533	addons.manager	DEBUG	Calling shutdown blocker for LightweightThemeManager
1526147262533	addons.manager	DEBUG	Calling shutdown blocker for GMPProvider
1526147262534	addons.manager	DEBUG	Calling shutdown blocker for PluginProvider
1526147262535	addons.manager	DEBUG	Calling shutdown blocker for PreviousExperimentProvider
1526147262535	addons.manager	DEBUG	Calling shutdown blocker for &lt;unnamed-provider&gt;
1526147262535	DeferredSave.webext.sc.lz4	DEBUG	Flush called while data is dirty
1526147262551	DeferredSave.webext.sc.lz4	DEBUG	Starting write
1526147262555	addons.manager	DEBUG	Async provider shutdown done
console.error: 
  Message: Error: Connection closed before committing the transaction.
  Stack:
    executeTransaction/promise&lt;/transactionPromise&lt;@resource://gre/modules/Sqlite.jsm:622:19
observe@resource://gre/modules/AsyncShutdown.jsm:534:9

1526147262592	DeferredSave.webext.sc.lz4	DEBUG	Write succeeded
*** UTM:SVC TimerManager:registerTimer called after profile-before-change notification. Ignoring timer registration for id: telemetry_modules_ping
[GPU 1908] WARNING: pipe error: 109: file z:/build/build/src/ipc/chromium/src/chrome
###!!! [Child][MessageChannel::SendAndWait] Error: Channel error: cannot send/recv


	at org.openqa.selenium.firefox.internal.NewProfileExtensionConnection.start(NewProfileExtensionConnection.java:113)
	... 33 more
</pre></div><a href='#' onClick='toggleBox("stack-trace1753714541", this, "Click to show all stack frames", "Click to hide stack frames")'>Click to show all stack frames</a>
<div class='stack-trace' id='stack-trace1753714541'><pre>org.openqa.selenium.WebDriverException: Failed to connect to binary FirefoxBinary(C:\Program Files (x86)\Mozilla Firefox\firefox.exe) on port 7055; process output follows: 
 app-system-defaults
1526147260171	addons.xpi	DEBUG	Existing add-on firefox@getpocket.com in app-system-defaults
1526147260171	addons.xpi	DEBUG	Existing add-on followonsearch@mozilla.com in app-system-defaults
1526147260171	addons.xpi	DEBUG	Existing add-on formautofill@mozilla.org in app-system-defaults
1526147260172	addons.xpi	DEBUG	Existing add-on onboarding@mozilla.org in app-system-defaults
1526147260172	addons.xpi	DEBUG	Existing add-on screenshots@mozilla.org in app-system-defaults
1526147260173	addons.xpi	DEBUG	Existing add-on shield-recipe-client@mozilla.org in app-system-defaults
1526147260173	addons.xpi	DEBUG	Existing add-on webcompat@mozilla.org in app-system-defaults
1526147260174	addons.xpi	INFO	Mapping {972ce4c6-7e08-4474-a285-3208198ce6fd} to C:\Program Files (x86)\Mozilla Firefox\browser\extensions\{972ce4c6-7e08-4474-a285-3208198ce6fd}.xpi
1526147260174	addons.xpi	DEBUG	Existing add-on {972ce4c6-7e08-4474-a285-3208198ce6fd} in app-global
1526147260174	addons.xpi	DEBUG	getInstallState changed: false, state: {}
[Child 13436] WARNING: pipe error: 109: file z:/build/build/src/ipc/chromium/src/chrome/common/ipc_channel_win.cc, line 346
1526147261318	addons.productaddons	INFO	Completed downloading document
1526147261906	addons.xpi	DEBUG	Calling bootstrap method shutdown on webcompat@mozilla.org version 1.1
1526147261907	addons.xpi	DEBUG	Calling bootstrap method shutdown on shield-recipe-client@mozilla.org version 65
1526147261908	addons.xpi	DEBUG	Calling bootstrap method shutdown on screenshots@mozilla.org version 10.12.0
1526147261913	addons.xpi	DEBUG	Calling bootstrap method shutdown on onboarding@mozilla.org version 0.1
1526147261917	addons.xpi	DEBUG	Calling bootstrap method shutdown on formautofill@mozilla.org version 1.0
1526147261918	addons.xpi	DEBUG	Calling bootstrap method shutdown on followonsearch@mozilla.com version 0.9.3
1526147261919	addons.xpi	DEBUG	Calling bootstrap method shutdown on firefox@getpocket.com version 1.0.5
1526147261920	addons.xpi	DEBUG	Calling bootstrap method shutdown on e10srollout@mozilla.org version 3.00
1526147261920	addons.xpi	DEBUG	Calling bootstrap method shutdown on clicktoplay-rollout@mozilla.org version 1.4
1526147261922	addons.xpi	DEBUG	Calling bootstrap method shutdown on aushelper@mozilla.org version 2.0
1526147261922	addons.xpi	DEBUG	Calling bootstrap method shutdown on activity-stream@mozilla.org version 0.0.0
1526147262180	addons.productaddons	WARN	Failed downloading via XHR, status: 0, reason: error
1526147262183	addons.productaddons	WARN	Failed downloading via XHR, status: 0, reason: error
1526147262532	addons.manager	DEBUG	shutdown
1526147262532	addons.manager	DEBUG	Calling shutdown blocker for XPIProvider
1526147262533	addons.xpi	DEBUG	shutdown
1526147262533	addons.xpi-utils	DEBUG	shutdown
1526147262533	addons.manager	DEBUG	Calling shutdown blocker for LightweightThemeManager
1526147262533	addons.manager	DEBUG	Calling shutdown blocker for GMPProvider
1526147262534	addons.manager	DEBUG	Calling shutdown blocker for PluginProvider
1526147262535	addons.manager	DEBUG	Calling shutdown blocker for PreviousExperimentProvider
1526147262535	addons.manager	DEBUG	Calling shutdown blocker for &lt;unnamed-provider&gt;
1526147262535	DeferredSave.webext.sc.lz4	DEBUG	Flush called while data is dirty
1526147262551	DeferredSave.webext.sc.lz4	DEBUG	Starting write
1526147262555	addons.manager	DEBUG	Async provider shutdown done
console.error: 
  Message: Error: Connection closed before committing the transaction.
  Stack:
    executeTransaction/promise&lt;/transactionPromise&lt;@resource://gre/modules/Sqlite.jsm:622:19
observe@resource://gre/modules/AsyncShutdown.jsm:534:9

1526147262592	DeferredSave.webext.sc.lz4	DEBUG	Write succeeded
*** UTM:SVC TimerManager:registerTimer called after profile-before-change notification. Ignoring timer registration for id: telemetry_modules_ping
[GPU 1908] WARNING: pipe error: 109: file z:/build/build/src/ipc/chromium/src/chrome
###!!! [Child][MessageChannel::SendAndWait] Error: Channel error: cannot send/recv


Build info: version: &apos;2.53.1&apos;, revision: &apos;a36b8b1cd5757287168e54b817830adce9b0158d&apos;, time: &apos;2016-06-30 19:26:09&apos;
System info: host: &apos;Sanjeev-India&apos;, ip: &apos;192.168.2.4&apos;, os.name: &apos;Windows 10&apos;, os.arch: &apos;amd64&apos;, os.version: &apos;10.0&apos;, java.version: &apos;1.8.0_151&apos;
Driver info: driver.version: FirefoxDriver
	at org.openqa.selenium.firefox.internal.NewProfileExtensionConnection.start(NewProfileExtensionConnection.java:125)
	at org.openqa.selenium.firefox.FirefoxDriver.startClient(FirefoxDriver.java:271)
	at org.openqa.selenium.remote.RemoteWebDriver.&lt;init&gt;(RemoteWebDriver.java:119)
	at org.openqa.selenium.firefox.FirefoxDriver.&lt;init&gt;(FirefoxDriver.java:216)
	at org.openqa.selenium.firefox.FirefoxDriver.&lt;init&gt;(FirefoxDriver.java:211)
	at org.openqa.selenium.firefox.FirefoxDriver.&lt;init&gt;(FirefoxDriver.java:207)
	at org.openqa.selenium.firefox.FirefoxDriver.&lt;init&gt;(FirefoxDriver.java:120)
	at page_factory.healper.BrowserFactory.startBrowser(BrowserFactory.java:27)
	at page_factory.testcases.VerifyAJSLogin_PageFactory.checkValidUser(VerifyAJSLogin_PageFactory.java:22)
	at sun.reflect.NativeMethodAccessorImpl.invoke0(Native Method)
	at sun.reflect.NativeMethodAccessorImpl.invoke(Unknown Source)
	at sun.reflect.DelegatingMethodAccessorImpl.invoke(Unknown Source)
	at java.lang.reflect.Method.invoke(Unknown Source)
	at org.testng.internal.MethodInvocationHelper.invokeMethod(MethodInvocationHelper.java:104)
	at org.testng.internal.Invoker.invokeMethod(Invoker.java:645)
	at org.testng.internal.Invoker.invokeTestMethod(Invoker.java:851)
	at org.testng.internal.Invoker.invokeTestMethods(Invoker.java:1177)
	at org.testng.internal.TestMethodWorker.invokeTestMethods(TestMethodWorker.java:129)
	at org.testng.internal.TestMethodWorker.run(TestMethodWorker.java:112)
	at org.testng.TestRunner.privateRun(TestRunner.java:756)
	at org.testng.TestRunner.run(TestRunner.java:610)
	at org.testng.SuiteRunner.runTest(SuiteRunner.java:387)
	at org.testng.SuiteRunner.runSequentially(SuiteRunner.java:382)
	at org.testng.SuiteRunner.privateRun(SuiteRunner.java:340)
	at org.testng.SuiteRunner.run(SuiteRunner.java:289)
	at org.testng.SuiteRunnerWorker.runSuite(SuiteRunnerWorker.java:52)
	at org.testng.SuiteRunnerWorker.run(SuiteRunnerWorker.java:86)
	at org.testng.TestNG.runSuitesSequentially(TestNG.java:1293)
	at org.testng.TestNG.runSuitesLocally(TestNG.java:1218)
	at org.testng.TestNG.runSuites(TestNG.java:1133)
	at org.testng.TestNG.run(TestNG.java:1104)
	at org.testng.remote.AbstractRemoteTestNG.run(AbstractRemoteTestNG.java:114)
	at org.testng.remote.RemoteTestNG.initAndRun(RemoteTestNG.java:251)
	at org.testng.remote.RemoteTestNG.main(RemoteTestNG.java:77)
Caused by: org.openqa.selenium.firefox.NotConnectedException: Unable to connect to host 127.0.0.1 on port 7055 after 45000 ms. Firefox console output:
 app-system-defaults
1526147260171	addons.xpi	DEBUG	Existing add-on firefox@getpocket.com in app-system-defaults
1526147260171	addons.xpi	DEBUG	Existing add-on followonsearch@mozilla.com in app-system-defaults
1526147260171	addons.xpi	DEBUG	Existing add-on formautofill@mozilla.org in app-system-defaults
1526147260172	addons.xpi	DEBUG	Existing add-on onboarding@mozilla.org in app-system-defaults
1526147260172	addons.xpi	DEBUG	Existing add-on screenshots@mozilla.org in app-system-defaults
1526147260173	addons.xpi	DEBUG	Existing add-on shield-recipe-client@mozilla.org in app-system-defaults
1526147260173	addons.xpi	DEBUG	Existing add-on webcompat@mozilla.org in app-system-defaults
1526147260174	addons.xpi	INFO	Mapping {972ce4c6-7e08-4474-a285-3208198ce6fd} to C:\Program Files (x86)\Mozilla Firefox\browser\extensions\{972ce4c6-7e08-4474-a285-3208198ce6fd}.xpi
1526147260174	addons.xpi	DEBUG	Existing add-on {972ce4c6-7e08-4474-a285-3208198ce6fd} in app-global
1526147260174	addons.xpi	DEBUG	getInstallState changed: false, state: {}
[Child 13436] WARNING: pipe error: 109: file z:/build/build/src/ipc/chromium/src/chrome/common/ipc_channel_win.cc, line 346
1526147261318	addons.productaddons	INFO	Completed downloading document
1526147261906	addons.xpi	DEBUG	Calling bootstrap method shutdown on webcompat@mozilla.org version 1.1
1526147261907	addons.xpi	DEBUG	Calling bootstrap method shutdown on shield-recipe-client@mozilla.org version 65
1526147261908	addons.xpi	DEBUG	Calling bootstrap method shutdown on screenshots@mozilla.org version 10.12.0
1526147261913	addons.xpi	DEBUG	Calling bootstrap method shutdown on onboarding@mozilla.org version 0.1
1526147261917	addons.xpi	DEBUG	Calling bootstrap method shutdown on formautofill@mozilla.org version 1.0
1526147261918	addons.xpi	DEBUG	Calling bootstrap method shutdown on followonsearch@mozilla.com version 0.9.3
1526147261919	addons.xpi	DEBUG	Calling bootstrap method shutdown on firefox@getpocket.com version 1.0.5
1526147261920	addons.xpi	DEBUG	Calling bootstrap method shutdown on e10srollout@mozilla.org version 3.00
1526147261920	addons.xpi	DEBUG	Calling bootstrap method shutdown on clicktoplay-rollout@mozilla.org version 1.4
1526147261922	addons.xpi	DEBUG	Calling bootstrap method shutdown on aushelper@mozilla.org version 2.0
1526147261922	addons.xpi	DEBUG	Calling bootstrap method shutdown on activity-stream@mozilla.org version 0.0.0
1526147262180	addons.productaddons	WARN	Failed downloading via XHR, status: 0, reason: error
1526147262183	addons.productaddons	WARN	Failed downloading via XHR, status: 0, reason: error
1526147262532	addons.manager	DEBUG	shutdown
1526147262532	addons.manager	DEBUG	Calling shutdown blocker for XPIProvider
1526147262533	addons.xpi	DEBUG	shutdown
1526147262533	addons.xpi-utils	DEBUG	shutdown
1526147262533	addons.manager	DEBUG	Calling shutdown blocker for LightweightThemeManager
1526147262533	addons.manager	DEBUG	Calling shutdown blocker for GMPProvider
1526147262534	addons.manager	DEBUG	Calling shutdown blocker for PluginProvider
1526147262535	addons.manager	DEBUG	Calling shutdown blocker for PreviousExperimentProvider
1526147262535	addons.manager	DEBUG	Calling shutdown blocker for &lt;unnamed-provider&gt;
1526147262535	DeferredSave.webext.sc.lz4	DEBUG	Flush called while data is dirty
1526147262551	DeferredSave.webext.sc.lz4	DEBUG	Starting write
1526147262555	addons.manager	DEBUG	Async provider shutdown done
console.error: 
  Message: Error: Connection closed before committing the transaction.
  Stack:
    executeTransaction/promise&lt;/transactionPromise&lt;@resource://gre/modules/Sqlite.jsm:622:19
observe@resource://gre/modules/AsyncShutdown.jsm:534:9

1526147262592	DeferredSave.webext.sc.lz4	DEBUG	Write succeeded
*** UTM:SVC TimerManager:registerTimer called after profile-before-change notification. Ignoring timer registration for id: telemetry_modules_ping
[GPU 1908] WARNING: pipe error: 109: file z:/build/build/src/ipc/chromium/src/chrome
###!!! [Child][MessageChannel::SendAndWait] Error: Channel error: cannot send/recv


	at org.openqa.selenium.firefox.internal.NewProfileExtensionConnection.start(NewProfileExtensionConnection.java:113)
	... 33 more
</pre></div></td>
<td>64</td>
<td>page_factory.testcases.VerifyAJSLogin_PageFactory@61832929</td></tr>
</table><p>
</body>
</html>